proguard_logs/seeds.txt
com.scratch.ScratchActivity
com.scratch.ScratchActivity: ScratchActivity()
com.scratch.TypedLayout$: java.lang.Object readResolve()
com.scratch.TypedResource$: java.lang.Object readResolve()
...
scala.collection.convert.Wrappers$JIterableWrapper$: java.lang.Object readResolve()
scala.collection.convert.Wrappers$JIteratorWrapper$: java.lang.Object readResolve()
scala.collection.convert.Wrappers$JListWrapper$: java.lang.Object readResolve()
scala.collection.convert.Wrappers$JMapWrapper$: java.lang.Object readResolve()
scala.collection.convert.Wrappers$JPropertiesWrapper$: java.lang.Object readResolve()
scala.collection.convert.Wrappers$JSetWrapper$: java.lang.Object readResolve()
scala.collection.convert.Wrappers$MutableBufferWrapper$: java.lang.Object readResolve()
scala.collection.convert.Wrappers$MutableMapWrapper$: java.lang.Object readResolve()
scala.collection.convert.Wrappers$MutableSeqWrapper$: java.lang.Object readResolve()
scala.collection.convert.Wrappers$MutableSetWrapper$: java.lang.Object readResolve()
scala.collection.convert.Wrappers$SeqWrapper$: java.lang.Object readResolve()
scala.collection.immutable.$colon$colon: void readObject(java.io.ObjectInputStream)
scala.collection.immutable.$colon$colon: void writeObject(java.io.ObjectOutputStream)
scala.collection.immutable.$colon$colon$: java.lang.Object readResolve()
scala.collection.immutable.BitSet$: java.lang.Object readResolve()
scala.collection.immutable.HashMap: java.lang.Object writeReplace()
scala.collection.immutable.HashMap$: java.lang.Object readResolve()
scala.collection.immutable.HashMap$EmptyHashMap$: java.lang.Object readResolve()
scala.collection.immutable.HashMap$SerializationProxy: void writeObject(java.io.ObjectOutputStream)
scala.collection.immutable.HashMap$SerializationProxy: void readObject(java.io.ObjectInputStream)
scala.collection.immutable.HashMap$SerializationProxy: java.lang.Object readResolve()
scala.collection.immutable.HashSet: java.lang.Object writeReplace()
scala.collection.immutable.HashSet$: java.lang.Object readResolve()
scala.collection.immutable.HashSet$EmptyHashSet$: java.lang.Object readResolve()
scala.collection.immutable.HashSet$HashSetCollision1: void writeObject(java.io.ObjectOutputStream)
scala.collection.immutable.HashSet$HashSetCollision1: void readObject(java.io.ObjectInputStream)
scala.collection.immutable.HashSet$SerializationProxy: void writeObject(java.io.ObjectOutputStream)
scala.collection.immutable.HashSet$SerializationProxy: void readObject(java.io.ObjectInputStream)
scala.collection.immutable.HashSet$SerializationProxy: java.lang.Object readResolve()
scala.collection.immutable.IntMap$Bin$: java.lang.Object readResolve()
scala.collection.immutable.IntMap$Nil$: java.lang.Object readResolve()
scala.collection.immutable.IntMap$Tip$: java.lang.Object readResolve()
scala.collection.immutable.ListMap$: java.lang.Object readResolve()
scala.collection.immutable.ListMap$EmptyListMap$: java.lang.Object readResolve()
scala.collection.immutable.ListSerializeEnd$: java.lang.Object readResolve()
scala.collection.immutable.ListSerializeStart$: java.lang.Object readResolve()
scala.collection.immutable.ListSet$: java.lang.Object readResolve()
scala.collection.immutable.ListSet$EmptyListSet$: java.lang.Object readResolve()
scala.collection.immutable.LongMap$Bin$: java.lang.Object readResolve()
scala.collection.immutable.LongMap$Nil$: java.lang.Object readResolve()
scala.collection.immutable.LongMap$Tip$: java.lang.Object readResolve()
scala.collection.immutable.Map$EmptyMap$: java.lang.Object readResolve()
scala.collection.immutable.Nil$: java.lang.Object readResolve()
scala.collection.immutable.NumericRange$: java.lang.Object readResolve()
scala.collection.immutable.Queue$: java.lang.Object readResolve()
scala.collection.immutable.Queue$EmptyQueue$: java.lang.Object readResolve()
scala.collection.immutable.Range$: java.lang.Object readResolve()
scala.collection.immutable.RedBlack$BlackTree$: java.lang.Object readResolve()
scala.collection.immutable.RedBlack$Empty$: java.lang.Object readResolve()
scala.collection.immutable.RedBlack$RedTree$: java.lang.Object readResolve()