proguard_logs/usage.txt
com.scratch.BuildConfig
com.scratch.R:
    10:10:public R()
com.scratch.R$attr
com.scratch.R$bool
com.scratch.R$color
com.scratch.R$dimen
com.scratch.R$drawable
com.scratch.R$id:
    public static final int abs__action_bar
    public static final int abs__action_bar_container
    public static final int abs__action_bar_subtitle
    public static final int abs__action_bar_title
    public static final int abs__action_context_bar
    public static final int abs__action_menu_divider
    public static final int abs__action_menu_presenter
    public static final int abs__action_mode_bar
    public static final int abs__action_mode_bar_stub
    public static final int abs__action_mode_close_button
    public static final int abs__activity_chooser_view_content
    public static final int abs__checkbox
    public static final int abs__content
    public static final int abs__default_activity_button
    public static final int abs__expand_activities_button
    public static final int abs__home
    public static final int abs__icon
    public static final int abs__image
    public static final int abs__imageButton
    public static final int abs__list_item
    public static final int abs__progress_circular
    public static final int abs__progress_horizontal
    public static final int abs__radio
    public static final int abs__search_badge
    public static final int abs__search_bar
    public static final int abs__search_button
    public static final int abs__search_close_btn
    public static final int abs__search_edit_frame
    public static final int abs__search_go_btn
    public static final int abs__search_mag_icon
com.scratch.R$integer
com.scratch.R$layout:
    public static final int abs__action_bar_home
    public static final int abs__action_bar_tab
    public static final int abs__action_bar_tab_bar_view
    public static final int abs__action_bar_title_item
    public static final int abs__action_menu_item_layout
    public static final int abs__action_menu_layout
    public static final int abs__action_mode_bar
    public static final int abs__action_mode_close_item
    public static final int abs__activity_chooser_view
    public static final int abs__activity_chooser_view_list_item
    public static final int abs__list_menu_item_checkbox
    public static final int abs__list_menu_item_icon
    public static final int abs__list_menu_item_radio
    public static final int abs__popup_menu_item_layout
    public static final int abs__screen_action_bar
    public static final int abs__screen_action_bar_overlay
    public static final int abs__screen_simple
    public static final int abs__screen_simple_overlay_action_mode
    public static final int abs__search_dropdown_item_icons_2line
    public static final int abs__search_view
    public static final int abs__simple_dropdown_hint
    public static final int sherlock_spinner_dropdown_item
    public static final int sherlock_spinner_item
    962:962:public R$layout()
com.scratch.R$string
com.scratch.R$style
com.scratch.R$styleable
com.scratch.TR
com.scratch.TR$layout$
com.scratch.TypedDialog
com.scratch.TypedLayout
com.scratch.TypedLayout$
com.scratch.TypedResource:
    public static com.scratch.TypedViewHolder dialog2typed(android.app.Dialog)
    public static com.scratch.TypedViewHolder activity2typed(android.app.Activity)
    public static com.scratch.TypedViewHolder view2typed(android.view.View)
    public static int layout2int(com.scratch.TypedLayout)
    5:5:public com.scratch.TypedResource copy(int)
    5:5:public int copy$default$1()
com.scratch.TypedResource$
com.scratch.TypedResource$$anon$1
com.scratch.TypedResource$$anon$2
com.scratch.TypedResource$$anon$3
com.scratch.TypedView
...
scala.xml.dtd.ElementValidator$$anonfun$check$6
scala.xml.dtd.ElementValidator$$anonfun$check$6$$anonfun$apply$1
scala.xml.dtd.ElementValidator$$anonfun$getIterable$1
scala.xml.dtd.ElementValidator$$anonfun$getIterable$2
scala.xml.dtd.ElementValidator$$anonfun$scala$xml$dtd$ElementValidator$$find$2$1
scala.xml.dtd.ElementValidator$$anonfun$scala$xml$dtd$ElementValidator$$isAllWhitespace$1$1
scala.xml.dtd.EntityDecl
scala.xml.dtd.EntityDef
scala.xml.dtd.ExtDef
scala.xml.dtd.ExtDef$
scala.xml.dtd.ExternalID
scala.xml.dtd.IMPLIED
scala.xml.dtd.IMPLIED$
scala.xml.dtd.IntDef
scala.xml.dtd.IntDef$
scala.xml.dtd.MIXED
scala.xml.dtd.MIXED$
scala.xml.dtd.MakeValidationException
scala.xml.dtd.MakeValidationException$
scala.xml.dtd.MakeValidationException$$anonfun$fromMissingAttribute$1
scala.xml.dtd.MarkupDecl
scala.xml.dtd.NotationDecl
scala.xml.dtd.NotationDecl$
scala.xml.dtd.PCDATA
scala.xml.dtd.PCDATA$
scala.xml.dtd.PEReference
scala.xml.dtd.PEReference$
scala.xml.dtd.ParameterEntityDecl
scala.xml.dtd.ParameterEntityDecl$
scala.xml.dtd.ParsedEntityDecl
scala.xml.dtd.ParsedEntityDecl$
scala.xml.dtd.PublicID
scala.xml.dtd.PublicID$
scala.xml.dtd.REQUIRED
scala.xml.dtd.REQUIRED$
scala.xml.dtd.Scanner
scala.xml.dtd.Scanner$$anonfun$accS$1
scala.xml.dtd.SystemID
scala.xml.dtd.SystemID$
scala.xml.dtd.Tokens
scala.xml.dtd.UnparsedEntityDecl
scala.xml.dtd.UnparsedEntityDecl$
scala.xml.dtd.ValidationException
scala.xml.dtd.ValidationException$
scala.xml.factory.Binder
scala.xml.factory.Binder$$anonfun$traverse$1
scala.xml.factory.LoggedNodeFactory
scala.xml.factory.LoggedNodeFactory$class
scala.xml.factory.NodeFactory
scala.xml.factory.NodeFactory$$anonfun$1
scala.xml.factory.NodeFactory$$anonfun$eqElements$1
scala.xml.factory.NodeFactory$class
scala.xml.factory.XMLLoader
scala.xml.factory.XMLLoader$class
scala.xml.include.CircularIncludeException
scala.xml.include.UnavailableResourceException
scala.xml.include.XIncludeException
scala.xml.include.sax.EncodingHeuristics
scala.xml.include.sax.EncodingHeuristics$
scala.xml.include.sax.EncodingHeuristics$EncodingNames$
scala.xml.include.sax.Main
scala.xml.include.sax.Main$
scala.xml.include.sax.Main$$anonfun$1
scala.xml.include.sax.Main$$anonfun$2
scala.xml.include.sax.Main$$anonfun$2$$anonfun$apply$2
scala.xml.include.sax.Main$$anonfun$2$$anonfun$apply$3
scala.xml.include.sax.Main$$anonfun$3
scala.xml.include.sax.Main$$anonfun$main$1
scala.xml.include.sax.Main$$anonfun$main$1$$anonfun$apply$1
scala.xml.include.sax.XIncludeFilter
scala.xml.include.sax.XIncluder
scala.xml.package
scala.xml.package$
scala.xml.parsing.ConsoleErrorHandler
scala.xml.parsing.ConsoleErrorHandler$$anonfun$printError$1
scala.xml.parsing.ConsoleErrorHandler$class
scala.xml.parsing.ConstructingHandler
scala.xml.parsing.ConstructingParser
scala.xml.parsing.ConstructingParser$
scala.xml.parsing.DefaultMarkupHandler
scala.xml.parsing.ExternalSources
scala.xml.parsing.ExternalSources$class
scala.xml.parsing.FactoryAdapter
scala.xml.parsing.FactoryAdapter$$anonfun$1
scala.xml.parsing.FactoryAdapter$$anonfun$2
scala.xml.parsing.FactoryAdapter$$anonfun$characters$1
scala.xml.parsing.FactoryAdapter$$anonfun$startElement$1
scala.xml.parsing.FatalError
scala.xml.parsing.FatalError$
scala.xml.parsing.MarkupHandler
scala.xml.parsing.MarkupHandler$$anonfun$lookupElemDecl$1
scala.xml.parsing.MarkupHandler$$anonfun$lookupElemDecl$2
scala.xml.parsing.MarkupHandler$$anonfun$parameterEntityDecl$1
scala.xml.parsing.MarkupHandler$$anonfun$parsedEntityDecl$1
scala.xml.parsing.MarkupParser
scala.xml.parsing.MarkupParser$$anon$1
scala.xml.parsing.MarkupParser$$anon$4
scala.xml.parsing.MarkupParser$$anonfun$1
scala.xml.parsing.MarkupParser$$anonfun$2
scala.xml.parsing.MarkupParser$$anonfun$appendText$1
scala.xml.parsing.MarkupParser$$anonfun$document$1
scala.xml.parsing.MarkupParser$$anonfun$xCharData$1
scala.xml.parsing.MarkupParser$$anonfun$xCharData$2
scala.xml.parsing.MarkupParser$WithLookAhead